<?xml version="1.0" encoding="UTF-8"?>
<!-- Generated by org.testng.reporters.JUnitXMLReporter -->
<testsuite ignored="0" hostname="DESKTOP-7RQ531E" failures="0" tests="1" name="run on firefox" time="0.059" errors="0" timestamp="2024-08-03T21:14:49 IST">
  <testcase classname="com.eva.vtiger.BaseTest.BaseTest" name="@BeforeTest connectToDB" time="-1.722699889509E9">
    <failure type="org.testng.TestNGException" message="
Parameter &amp;apos;SmokeTestCase&amp;apos; is required by BeforeTest on method connectToDB but has not been marked @Optional or defined
in C:\Users\Hacker\eclipse-QAtester workspace\Automation_Vtiger_Framework\src\test\resources\Suite\smoke_suite.xml">
      <![CDATA[org.testng.TestNGException: 
Parameter 'SmokeTestCase' is required by BeforeTest on method connectToDB but has not been marked @Optional or defined
in C:\Users\Hacker\eclipse-QAtester workspace\Automation_Vtiger_Framework\src\test\resources\Suite\smoke_suite.xml
at java.base/java.util.concurrent.FutureTask.run(FutureTask.java:264)
at java.base/java.util.concurrent.ThreadPoolExecutor.runWorker(ThreadPoolExecutor.java:1136)
at java.base/java.util.concurrent.ThreadPoolExecutor$Worker.run(ThreadPoolExecutor.java:635)
at java.base/java.lang.Thread.run(Thread.java:833)
... Removed 12 stack frames]]>
    </failure>
  </testcase> <!-- @BeforeTest connectToDB -->
  <testcase classname="com.eva.vtiger.BaseTest.BaseTest" name="@BeforeClass beforeClass" time="-1.722699889538E9">
    <skipped/>
  </testcase> <!-- @BeforeClass beforeClass -->
  <testcase classname="com.eva.vtiger.BaseTest.BaseTest" name="@BeforeMethod hitURLAndLogin" time="-1.722699889551E9">
    <skipped/>
  </testcase> <!-- @BeforeMethod hitURLAndLogin -->
  <testcase classname="com.eva.vtiger.BaseTest.BaseTest" name="@AfterMethod afterTestCase" time="-1.722699889558E9">
    <skipped/>
  </testcase> <!-- @AfterMethod afterTestCase -->
  <testcase classname="com.eva.vtiger.BaseTest.BaseTest" name="@AfterClass afterClass" time="-1.722699889561E9">
    <skipped/>
  </testcase> <!-- @AfterClass afterClass -->
  <testcase classname="com.eva.vtiger.BaseTest.BaseTest" name="@AfterTest disconnectFromDB" time="-1.722699889563E9">
    <skipped/>
  </testcase> <!-- @AfterTest disconnectFromDB -->
  <testcase classname="com.eva.vtiger.testscript.smoke1.AccountsSmokeTestCase1" name="verifyCreateAccounts" time="0.0">
    <skipped/>
  </testcase> <!-- verifyCreateAccounts -->
</testsuite> <!-- run on firefox -->
