<?xml version="1.0" encoding="UTF-8"?>
<testng-results ignored="0" total="1" passed="0" failed="1" skipped="0">
  <reporter-output>
  </reporter-output>
  <suite started-at="2024-11-12T16:14:21 IST" name="Default suite" finished-at="2024-11-12T16:15:45 IST" duration-ms="83781">
    <groups>
    </groups>
    <test started-at="2024-11-12T16:14:21 IST" name="Default test" finished-at="2024-11-12T16:15:45 IST" duration-ms="83781">
      <class name="com.eva.vtiger.testscript.smoke1.AccountsSmokeTestCase1">
        <test-method is-config="true" signature="beforeSuite()[pri:0, instance:com.eva.vtiger.testscript.smoke1.AccountsSmokeTestCase1@223191a6]" started-at="2024-11-12T16:14:21 IST" name="beforeSuite" finished-at="2024-11-12T16:14:21 IST" duration-ms="11" status="PASS">
          <reporter-output>
          </reporter-output>
        </test-method> <!-- beforeSuite -->
        <test-method is-config="true" signature="connectToDB(org.testng.ITestContext)[pri:0, instance:com.eva.vtiger.testscript.smoke1.AccountsSmokeTestCase1@223191a6]" started-at="2024-11-12T16:14:21 IST" name="connectToDB" finished-at="2024-11-12T16:14:22 IST" duration-ms="1502" status="PASS">
          <params>
            <param index="0">
              <value>
                <![CDATA[org.testng.TestRunner@226de93c]]>
              </value>
            </param>
          </params>
          <reporter-output>
          </reporter-output>
        </test-method> <!-- connectToDB -->
        <test-method is-config="true" signature="beforeClass()[pri:0, instance:com.eva.vtiger.testscript.smoke1.AccountsSmokeTestCase1@223191a6]" started-at="2024-11-12T16:14:22 IST" name="beforeClass" finished-at="2024-11-12T16:14:22 IST" duration-ms="1" status="PASS">
          <reporter-output>
          </reporter-output>
        </test-method> <!-- beforeClass -->
        <test-method is-config="true" signature="hitURLAndLogin(java.lang.reflect.Method)[pri:0, instance:com.eva.vtiger.testscript.smoke1.AccountsSmokeTestCase1@223191a6]" started-at="2024-11-12T16:14:22 IST" name="hitURLAndLogin" finished-at="2024-11-12T16:14:29 IST" duration-ms="6462" status="PASS">
          <params>
            <param index="0">
              <value>
                <![CDATA[public void com.eva.vtiger.testscript.smoke1.AccountsSmokeTestCase1.verifyCreateAccounts()]]>
              </value>
            </param>
          </params>
          <reporter-output>
          </reporter-output>
        </test-method> <!-- hitURLAndLogin -->
        <test-method signature="verifyCreateAccounts()[pri:0, instance:com.eva.vtiger.testscript.smoke1.AccountsSmokeTestCase1@223191a6]" started-at="2024-11-12T16:14:29 IST" name="verifyCreateAccounts" finished-at="2024-11-12T16:15:40 IST" duration-ms="70850" status="FAIL">
          <exception class="org.openqa.selenium.NoSuchElementException">
            <message>
              <![CDATA[Cannot locate option with text: Team Selling wali
For documentation on this error, please visit: https://www.selenium.dev/documentation/webdriver/troubleshooting/errors#no-such-element-exception
Build info: version: '4.21.0', revision: '79ed462ef4'
System info: os.name: 'Windows 10', os.arch: 'amd64', os.version: '10.0', java.version: '17.0.0.1'
Driver info: driver.version: unknown]]>
            </message>
            <full-stacktrace>
              <![CDATA[org.openqa.selenium.NoSuchElementException: Cannot locate option with text: Team Selling wali
For documentation on this error, please visit: https://www.selenium.dev/documentation/webdriver/troubleshooting/errors#no-such-element-exception
Build info: version: '4.21.0', revision: '79ed462ef4'
System info: os.name: 'Windows 10', os.arch: 'amd64', os.version: '10.0', java.version: '17.0.0.1'
Driver info: driver.version: unknown
at org.openqa.selenium.support.ui.Select.selectByVisibleText(Select.java:153)
at com.eva.vtiger.Util.WebUtil.SelectByVisibletext(WebUtil.java:544)
at com.eva.vtiger.pages.CreateAccountPage.fillUpAccountInfo(CreateAccountPage.java:56)
at com.eva.vtiger.testscript.smoke1.AccountsSmokeTestCase1.verifyCreateAccounts(AccountsSmokeTestCase1.java:53)
at java.base/jdk.internal.reflect.NativeMethodAccessorImpl.invoke0(Native Method)
at java.base/jdk.internal.reflect.NativeMethodAccessorImpl.invoke(NativeMethodAccessorImpl.java:77)
at java.base/jdk.internal.reflect.DelegatingMethodAccessorImpl.invoke(DelegatingMethodAccessorImpl.java:43)
at java.base/java.lang.reflect.Method.invoke(Method.java:568)
at org.testng.internal.MethodInvocationHelper.invokeMethod(MethodInvocationHelper.java:133)
at org.testng.internal.TestInvoker.invokeMethod(TestInvoker.java:598)
at org.testng.internal.TestInvoker.invokeTestMethod(TestInvoker.java:173)
at org.testng.internal.MethodRunner.runInSequence(MethodRunner.java:46)
at org.testng.internal.TestInvoker$MethodInvocationAgent.invoke(TestInvoker.java:824)
at org.testng.internal.TestInvoker.invokeTestMethods(TestInvoker.java:146)
at org.testng.internal.TestMethodWorker.invokeTestMethods(TestMethodWorker.java:146)
at org.testng.internal.TestMethodWorker.run(TestMethodWorker.java:128)
at java.base/java.util.ArrayList.forEach(ArrayList.java:1511)
at org.testng.TestRunner.privateRun(TestRunner.java:794)
at org.testng.TestRunner.run(TestRunner.java:596)
at org.testng.SuiteRunner.runTest(SuiteRunner.java:377)
at org.testng.SuiteRunner.runSequentially(SuiteRunner.java:371)
at org.testng.SuiteRunner.privateRun(SuiteRunner.java:332)
at org.testng.SuiteRunner.run(SuiteRunner.java:276)
at org.testng.SuiteRunnerWorker.runSuite(SuiteRunnerWorker.java:53)
at org.testng.SuiteRunnerWorker.run(SuiteRunnerWorker.java:96)
at org.testng.TestNG.runSuitesSequentially(TestNG.java:1212)
at org.testng.TestNG.runSuitesLocally(TestNG.java:1134)
at org.testng.TestNG.runSuites(TestNG.java:1063)
at org.testng.TestNG.run(TestNG.java:1031)
at org.testng.remote.AbstractRemoteTestNG.run(AbstractRemoteTestNG.java:115)
at org.testng.remote.RemoteTestNG.initAndRun(RemoteTestNG.java:293)
at org.testng.remote.RemoteTestNG.main(RemoteTestNG.java:91)
]]>
            </full-stacktrace>
          </exception> <!-- org.openqa.selenium.NoSuchElementException -->
          <reporter-output>
          </reporter-output>
        </test-method> <!-- verifyCreateAccounts -->
        <test-method is-config="true" signature="afterTestCase(org.testng.ITestResult,java.lang.reflect.Method)[pri:0, instance:com.eva.vtiger.testscript.smoke1.AccountsSmokeTestCase1@223191a6]" started-at="2024-11-12T16:15:40 IST" name="afterTestCase" finished-at="2024-11-12T16:15:44 IST" duration-ms="3791" status="PASS">
          <params>
            <param index="0">
              <value>
                <![CDATA[[TestResult name=verifyCreateAccounts status=FAILURE method=AccountsSmokeTestCase1.verifyCreateAccounts()[pri:0, instance:com.eva.vtiger.testscript.smoke1.AccountsSmokeTestCase1@223191a6] output={null}]]]>
              </value>
            </param>
            <param index="1">
              <value>
                <![CDATA[public void com.eva.vtiger.testscript.smoke1.AccountsSmokeTestCase1.verifyCreateAccounts()]]>
              </value>
            </param>
          </params>
          <reporter-output>
          </reporter-output>
        </test-method> <!-- afterTestCase -->
        <test-method is-config="true" signature="afterClass()[pri:0, instance:com.eva.vtiger.testscript.smoke1.AccountsSmokeTestCase1@223191a6]" started-at="2024-11-12T16:15:44 IST" name="afterClass" finished-at="2024-11-12T16:15:44 IST" duration-ms="289" status="PASS">
          <reporter-output>
          </reporter-output>
        </test-method> <!-- afterClass -->
        <test-method is-config="true" signature="disconnectFromDB()[pri:0, instance:com.eva.vtiger.testscript.smoke1.AccountsSmokeTestCase1@223191a6]" started-at="2024-11-12T16:15:44 IST" name="disconnectFromDB" finished-at="2024-11-12T16:15:45 IST" duration-ms="836" status="PASS">
          <reporter-output>
          </reporter-output>
        </test-method> <!-- disconnectFromDB -->
        <test-method is-config="true" signature="afterSuite()[pri:0, instance:com.eva.vtiger.testscript.smoke1.AccountsSmokeTestCase1@223191a6]" started-at="2024-11-12T16:15:45 IST" name="afterSuite" finished-at="2024-11-12T16:15:45 IST" duration-ms="37" status="PASS">
          <reporter-output>
          </reporter-output>
        </test-method> <!-- afterSuite -->
      </class> <!-- com.eva.vtiger.testscript.smoke1.AccountsSmokeTestCase1 -->
    </test> <!-- Default test -->
  </suite> <!-- Default suite -->
</testng-results>
